<?xml version="1.0" encoding="UTF-8"?>
<coverage generated="1760088824966" clover="3.2.0">
  <project timestamp="1760088824966" name="All files">
    <metrics statements="5" coveredstatements="5" conditionals="1" coveredconditionals="1" methods="4" coveredmethods="1" elements="10" coveredelements="7" complexity="0" loc="5" ncloc="5" packages="1" files="1" classes="1"/>
    <file name="index.ts" path="C:\Users\adria\Desktop\nodejs-typescript\02-bases\src\plugins\index.ts">
      <metrics statements="5" coveredstatements="5" conditionals="1" coveredconditionals="1" methods="4" coveredmethods="1"/>
      <line num="1" count="1" type="stmt"/>
      <line num="2" count="1" type="stmt"/>
      <line num="3" count="1" type="stmt"/>
      <line num="4" count="1" type="cond" truecount="1" falsecount="0"/>
      <line num="5" count="1" type="stmt"/>
    </file>
  </project>
</coverage>
